<?xml version="1.0" encoding="UTF-8"?>
<!-- Generated by org.testng.reporters.JUnitXMLReporter -->
<testsuite ignored="0" hostname="ASISH" failures="1" tests="1" name="testdemowebshop001s" time="18.278" errors="0" timestamp="2023-12-08T22:15:39 IST">
  <testcase classname="io.cucumber.testng.AbstractTestNGCucumberTests" name="runScenario" time="16.802">
    <failure type="java.lang.AssertionError" message="expected [true] but found [false]">
      <![CDATA[java.lang.AssertionError: expected [true] but found [false]
at stepDefintion.WishlistStepDefs.user_click_on_digital_downloads_tab(WishlistStepDefs.java:55)
at âœ½.User click on digital downloads tab(file:///C:/Users/HP/eclipse-workspace-new/DemoWebShop-Group-3-RLL/src/test/resources/DemoWebShop_Wishlist.feature:7)
... Removed 4 stack frames]]>
    </failure>
  </testcase> <!-- runScenario -->
</testsuite> <!-- testdemowebshop001s -->
