<?xml version="1.0" encoding="UTF-8"?>
<!-- Generated by org.testng.reporters.JUnitReportReporter -->
<testsuite hostname="ASISH" failures="1" tests="1" name="runner.DemoRunnerC" time="16.802" errors="0" timestamp="2023-12-08T22:15:40 IST" skipped="0">
  <testcase classname="runner.DemoRunnerC" name="runScenario" time="16.802">
    <failure message="expected [true] but found [false]" type="java.lang.AssertionError">
      <![CDATA[java.lang.AssertionError: expected [true] but found [false]
at org.testng.Assert.fail(Assert.java:110)
at org.testng.Assert.failNotEquals(Assert.java:1577)
at org.testng.Assert.assertTrue(Assert.java:56)
at org.testng.Assert.assertTrue(Assert.java:66)
at stepDefintion.WishlistStepDefs.user_click_on_digital_downloads_tab(WishlistStepDefs.java:55)
at âœ½.User click on digital downloads tab(file:///C:/Users/HP/eclipse-workspace-new/DemoWebShop-Group-3-RLL/src/test/resources/DemoWebShop_Wishlist.feature:7)
]]>
    </failure>
  </testcase> <!-- runScenario -->
  <system-out/>
</testsuite> <!-- runner.DemoRunnerC -->
